nohup: ignoring input
INFO:root:100 training genes are saved in `uns``training_genes` of both single cell and spatial Anndatas.
INFO:root:100 overlapped genes are saved in `uns``overlap_genes` of both single cell and spatial Anndatas.
INFO:root:uniform based density prior is calculated and saved in `obs``uniform_density` of the spatial Anndata.
INFO:root:rna count based density prior is calculated and saved in `obs``rna_count_based_density` of the spatial Anndata.
INFO:root:Allocate tensors for mapping.
INFO:root:Begin training with 100 genes and rna_count_based density_prior in cells mode...
INFO:root:Printing scores every 100 epochs.
INFO:root:Saving results..
INFO:root:Allocate tensors for mapping.
INFO:root:Begin training with 100 genes and rna_count_based density_prior in cells mode...
INFO:root:Printing scores every 100 epochs.
INFO:root:Saving results..
INFO:root:Allocate tensors for mapping.
INFO:root:Begin training with 100 genes and rna_count_based density_prior in cells mode...
INFO:root:Printing scores every 100 epochs.
INFO:root:Saving results..
INFO:root:Allocate tensors for mapping.
INFO:root:Begin training with 100 genes and rna_count_based density_prior in cells mode...
INFO:root:Printing scores every 100 epochs.
INFO:root:Saving results..
INFO:root:Allocate tensors for mapping.
INFO:root:Begin training with 100 genes and rna_count_based density_prior in cells mode...
INFO:root:Printing scores every 100 epochs.
INFO:root:Saving results..
INFO:root:Allocate tensors for mapping.
INFO:root:Begin training with 100 genes and rna_count_based density_prior in cells mode...
INFO:root:Printing scores every 100 epochs.
INFO:root:Saving results..
INFO:root:Allocate tensors for mapping.
INFO:root:Begin training with 100 genes and rna_count_based density_prior in cells mode...
INFO:root:Printing scores every 100 epochs.
INFO:root:Saving results..
INFO:root:Allocate tensors for mapping.
INFO:root:Begin training with 100 genes and rna_count_based density_prior in cells mode...
INFO:root:Printing scores every 100 epochs.
INFO:root:Saving results..
INFO:root:Allocate tensors for mapping.
INFO:root:Begin training with 100 genes and rna_count_based density_prior in cells mode...
INFO:root:Printing scores every 100 epochs.
INFO:root:Saving results..
INFO:root:Allocate tensors for mapping.
INFO:root:Begin training with 100 genes and rna_count_based density_prior in cells mode...
INFO:root:Printing scores every 100 epochs.
INFO:root:Saving results..
INFO:root:Allocate tensors for mapping.
INFO:root:Begin training with 100 genes and rna_count_based density_prior in cells mode...
INFO:root:Printing scores every 100 epochs.
INFO:root:Saving results..
INFO:root:Allocate tensors for mapping.
INFO:root:Begin training with 100 genes and rna_count_based density_prior in cells mode...
INFO:root:Printing scores every 100 epochs.
INFO:root:Saving results..
INFO:root:Allocate tensors for mapping.
INFO:root:Begin training with 100 genes and rna_count_based density_prior in cells mode...
INFO:root:Printing scores every 100 epochs.
INFO:root:Saving results..
INFO:root:Allocate tensors for mapping.
INFO:root:Begin training with 100 genes and rna_count_based density_prior in cells mode...
INFO:root:Printing scores every 100 epochs.
INFO:root:Saving results..
INFO:root:Allocate tensors for mapping.
INFO:root:Begin training with 100 genes and rna_count_based density_prior in cells mode...
INFO:root:Printing scores every 100 epochs.
INFO:root:Saving results..
INFO:root:Allocate tensors for mapping.
INFO:root:Begin training with 100 genes and rna_count_based density_prior in cells mode...
INFO:root:Printing scores every 100 epochs.
INFO:root:Saving results..
INFO:root:Allocate tensors for mapping.
INFO:root:Begin training with 100 genes and rna_count_based density_prior in cells mode...
INFO:root:Printing scores every 100 epochs.
INFO:root:Saving results..
INFO:root:Allocate tensors for mapping.
INFO:root:Begin training with 100 genes and rna_count_based density_prior in cells mode...
INFO:root:Printing scores every 100 epochs.
INFO:root:Saving results..
INFO:root:Allocate tensors for mapping.
INFO:root:Begin training with 100 genes and rna_count_based density_prior in cells mode...
INFO:root:Printing scores every 100 epochs.
INFO:root:Saving results..
INFO:root:Allocate tensors for mapping.
INFO:root:Begin training with 100 genes and rna_count_based density_prior in cells mode...
INFO:root:Printing scores every 100 epochs.
INFO:root:Saving results..
Score: 0.498, VG reg: 0.604, KL reg: 0.147
Score: 0.991, VG reg: 0.997, KL reg: 0.001
Score: 0.994, VG reg: 0.998, KL reg: 0.001
Score: 0.995, VG reg: 0.998, KL reg: 0.001
Score: 0.498, VG reg: 0.604, KL reg: 0.149
Score: 0.991, VG reg: 0.997, KL reg: 0.001
Score: 0.994, VG reg: 0.998, KL reg: 0.001
Score: 0.995, VG reg: 0.998, KL reg: 0.001
Score: 0.498, VG reg: 0.604, KL reg: 0.148
Score: 0.991, VG reg: 0.997, KL reg: 0.001
Score: 0.994, VG reg: 0.998, KL reg: 0.001
Score: 0.995, VG reg: 0.998, KL reg: 0.001
Score: 0.498, VG reg: 0.603, KL reg: 0.148
Score: 0.992, VG reg: 0.997, KL reg: 0.001
Score: 0.994, VG reg: 0.998, KL reg: 0.001
Score: 0.995, VG reg: 0.998, KL reg: 0.001
Score: 0.499, VG reg: 0.605, KL reg: 0.148
Score: 0.992, VG reg: 0.997, KL reg: 0.001
Score: 0.994, VG reg: 0.998, KL reg: 0.001
Score: 0.995, VG reg: 0.998, KL reg: 0.001
Score: 0.498, VG reg: 0.605, KL reg: 0.150
Score: 0.992, VG reg: 0.997, KL reg: 0.001
Score: 0.994, VG reg: 0.998, KL reg: 0.001
Score: 0.995, VG reg: 0.998, KL reg: 0.001
Score: 0.497, VG reg: 0.604, KL reg: 0.149
Score: 0.992, VG reg: 0.997, KL reg: 0.001
Score: 0.994, VG reg: 0.998, KL reg: 0.001
Score: 0.995, VG reg: 0.998, KL reg: 0.001
Score: 0.498, VG reg: 0.604, KL reg: 0.148
Score: 0.991, VG reg: 0.997, KL reg: 0.001
Score: 0.994, VG reg: 0.998, KL reg: 0.001
Score: 0.995, VG reg: 0.998, KL reg: 0.001
Score: 0.498, VG reg: 0.603, KL reg: 0.148
Score: 0.991, VG reg: 0.997, KL reg: 0.001
Score: 0.994, VG reg: 0.998, KL reg: 0.001
Score: 0.995, VG reg: 0.998, KL reg: 0.001
Score: 0.499, VG reg: 0.602, KL reg: 0.148
Score: 0.991, VG reg: 0.997, KL reg: 0.001
Score: 0.994, VG reg: 0.998, KL reg: 0.001
Score: 0.995, VG reg: 0.998, KL reg: 0.001
Score: 0.499, VG reg: 0.604, KL reg: 0.148
Score: 0.991, VG reg: 0.997, KL reg: 0.001
Score: 0.994, VG reg: 0.998, KL reg: 0.001
Score: 0.995, VG reg: 0.998, KL reg: 0.001
Score: 0.498, VG reg: 0.604, KL reg: 0.149
Score: 0.991, VG reg: 0.997, KL reg: 0.001
Score: 0.994, VG reg: 0.998, KL reg: 0.001
Score: 0.995, VG reg: 0.998, KL reg: 0.001
Score: 0.499, VG reg: 0.604, KL reg: 0.149
Score: 0.992, VG reg: 0.997, KL reg: 0.001
Score: 0.994, VG reg: 0.998, KL reg: 0.001
Score: 0.995, VG reg: 0.998, KL reg: 0.001
Score: 0.499, VG reg: 0.605, KL reg: 0.147
Score: 0.992, VG reg: 0.997, KL reg: 0.001
Score: 0.994, VG reg: 0.998, KL reg: 0.001
Score: 0.995, VG reg: 0.998, KL reg: 0.001
Score: 0.497, VG reg: 0.604, KL reg: 0.149
Score: 0.991, VG reg: 0.997, KL reg: 0.001
Score: 0.994, VG reg: 0.998, KL reg: 0.001
Score: 0.995, VG reg: 0.998, KL reg: 0.001
Score: 0.499, VG reg: 0.605, KL reg: 0.148
Score: 0.992, VG reg: 0.997, KL reg: 0.001
Score: 0.994, VG reg: 0.998, KL reg: 0.001
Score: 0.995, VG reg: 0.998, KL reg: 0.001
Score: 0.498, VG reg: 0.604, KL reg: 0.150
Score: 0.992, VG reg: 0.997, KL reg: 0.001
Score: 0.994, VG reg: 0.998, KL reg: 0.001
Score: 0.995, VG reg: 0.998, KL reg: 0.001
Score: 0.498, VG reg: 0.604, KL reg: 0.147
Score: 0.991, VG reg: 0.997, KL reg: 0.001
Score: 0.994, VG reg: 0.998, KL reg: 0.001
Score: 0.995, VG reg: 0.998, KL reg: 0.001
Score: 0.498, VG reg: 0.604, KL reg: 0.148
Score: 0.991, VG reg: 0.997, KL reg: 0.001
Score: 0.994, VG reg: 0.998, KL reg: 0.001
Score: 0.995, VG reg: 0.998, KL reg: 0.001
Score: 0.498, VG reg: 0.604, KL reg: 0.148
Score: 0.992, VG reg: 0.997, KL reg: 0.001
Score: 0.994, VG reg: 0.998, KL reg: 0.001
Score: 0.995, VG reg: 0.998, KL reg: 0.001
