nohup: ignoring input
Loading data...
Data loaded successfully.
Starting EM...
Iteration 1: 10044 cells assigned across 324 voxels.
Iteration 2: 10044 cells assigned across 324 voxels.
Iteration 3: 10044 cells assigned across 324 voxels.
Iteration 4: 10044 cells assigned across 324 voxels.
Iteration 5: 10044 cells assigned across 324 voxels.
Iteration 6: 10044 cells assigned across 324 voxels.
Iteration 7: 10044 cells assigned across 324 voxels.
Iteration 8: 10044 cells assigned across 324 voxels.
Iteration 9: 10044 cells assigned across 324 voxels.
Iteration 10: 10044 cells assigned across 324 voxels.
Iteration 11: 10044 cells assigned across 324 voxels.
Iteration 12: 10044 cells assigned across 324 voxels.
Iteration 13: 10044 cells assigned across 324 voxels.
Iteration 14: 10044 cells assigned across 324 voxels.
Iteration 15: 10044 cells assigned across 324 voxels.
Iteration 16: 10044 cells assigned across 324 voxels.
Iteration 17: 10044 cells assigned across 324 voxels.
Iteration 18: 10044 cells assigned across 324 voxels.
Iteration 19: 10044 cells assigned across 324 voxels.
Iteration 20: 10044 cells assigned across 324 voxels.
Iteration 21: 10044 cells assigned across 324 voxels.
Iteration 22: 10044 cells assigned across 324 voxels.
Iteration 23: 10044 cells assigned across 324 voxels.
Iteration 24: 10044 cells assigned across 324 voxels.
Iteration 25: 10044 cells assigned across 324 voxels.
Iteration 26: 10044 cells assigned across 324 voxels.
Iteration 27: 10044 cells assigned across 324 voxels.
Iteration 28: 10044 cells assigned across 324 voxels.
Iteration 29: 10044 cells assigned across 324 voxels.
Iteration 30: 10044 cells assigned across 324 voxels.
Iteration 31: 10044 cells assigned across 324 voxels.
Iteration 32: 10044 cells assigned across 324 voxels.
Iteration 33: 10044 cells assigned across 324 voxels.
Iteration 34: 10044 cells assigned across 324 voxels.
Iteration 35: 10044 cells assigned across 324 voxels.
Iteration 36: 10044 cells assigned across 324 voxels.
Iteration 37: 10044 cells assigned across 324 voxels.
Iteration 38: 10044 cells assigned across 324 voxels.
Iteration 39: 10044 cells assigned across 324 voxels.
Iteration 40: 10044 cells assigned across 324 voxels.
Iteration 41: 10044 cells assigned across 324 voxels.
Iteration 42: 10044 cells assigned across 324 voxels.
Iteration 43: 10044 cells assigned across 324 voxels.
Iteration 44: 10044 cells assigned across 324 voxels.
Iteration 45: 10044 cells assigned across 324 voxels.
Iteration 46: 10044 cells assigned across 324 voxels.
Iteration 47: 10044 cells assigned across 324 voxels.
Iteration 48: 10044 cells assigned across 324 voxels.
Iteration 49: 10044 cells assigned across 324 voxels.
Iteration 50: 10044 cells assigned across 324 voxels.
Iteration 51: 10044 cells assigned across 324 voxels.
Iteration 52: 10044 cells assigned across 324 voxels.
Iteration 53: 10044 cells assigned across 324 voxels.
Iteration 54: 10044 cells assigned across 324 voxels.
Iteration 55: 10044 cells assigned across 324 voxels.
Iteration 56: 10044 cells assigned across 324 voxels.
Iteration 57: 10044 cells assigned across 324 voxels.
Iteration 58: 10044 cells assigned across 324 voxels.
Iteration 59: 10044 cells assigned across 324 voxels.
Iteration 60: 10044 cells assigned across 324 voxels.
Iteration 61: 10044 cells assigned across 324 voxels.
Iteration 62: 10044 cells assigned across 324 voxels.
Iteration 63: 10044 cells assigned across 324 voxels.
Iteration 64: 10044 cells assigned across 324 voxels.
Iteration 65: 10044 cells assigned across 324 voxels.
Iteration 66: 10044 cells assigned across 324 voxels.
Iteration 67: 10044 cells assigned across 324 voxels.
Iteration 68: 10044 cells assigned across 324 voxels.
Iteration 69: 10044 cells assigned across 324 voxels.
Iteration 70: 10044 cells assigned across 324 voxels.
Iteration 71: 10044 cells assigned across 324 voxels.
Iteration 72: 10044 cells assigned across 324 voxels.
Iteration 73: 10044 cells assigned across 324 voxels.
Iteration 74: 10044 cells assigned across 324 voxels.
Iteration 75: 10044 cells assigned across 324 voxels.
Iteration 76: 10044 cells assigned across 324 voxels.
Iteration 77: 10044 cells assigned across 324 voxels.
Iteration 78: 10044 cells assigned across 324 voxels.
Iteration 79: 10044 cells assigned across 324 voxels.
Iteration 80: 10044 cells assigned across 324 voxels.
Iteration 81: 10044 cells assigned across 324 voxels.
Iteration 82: 10044 cells assigned across 324 voxels.
Iteration 83: 10044 cells assigned across 324 voxels.
Iteration 84: 10044 cells assigned across 324 voxels.
Iteration 85: 10044 cells assigned across 324 voxels.
Iteration 86: 10044 cells assigned across 324 voxels.
Iteration 87: 10044 cells assigned across 324 voxels.
Iteration 88: 10044 cells assigned across 324 voxels.
Iteration 89: 10044 cells assigned across 324 voxels.
Iteration 90: 10044 cells assigned across 324 voxels.
Iteration 91: 10044 cells assigned across 324 voxels.
Iteration 92: 10044 cells assigned across 324 voxels.
Iteration 93: 10044 cells assigned across 324 voxels.
Iteration 94: 10044 cells assigned across 324 voxels.
Iteration 95: 10044 cells assigned across 324 voxels.
Iteration 96: 10044 cells assigned across 324 voxels.
Iteration 97: 10044 cells assigned across 324 voxels.
Iteration 98: 10044 cells assigned across 324 voxels.
Iteration 99: 10044 cells assigned across 324 voxels.
Iteration 100: 10044 cells assigned across 324 voxels.
Saving logs...
Saving object...
All done.
24 voxels.
Iteration 103: 10044 cells assigned across 324 voxels.
Iteration 104: 10044 cells assigned across 324 voxels.
Iteration 105: 10044 cells assigned across 324 voxels.
Iteration 106: 10044 cells assigned across 324 voxels.
Iteration 107: 10044 cells assigned across 324 voxels.
Iteration 108: 10044 cells assigned across 324 voxels.
Iteration 109: 10044 cells assigned across 324 voxels.
Iteration 110: 10044 cells assigned across 324 voxels.
Iteration 111: 10044 cells assigned across 324 voxels.
Iteration 112: 10044 cells assigned across 324 voxels.
Iteration 113: 10044 cells assigned across 324 voxels.
Iteration 114: 10044 cells assigned across 324 voxels.
Iteration 115: 10044 cells assigned across 324 voxels.
Iteration 116: 10044 cells assigned across 324 voxels.
Iteration 117: 10044 cells assigned across 324 voxels.
Iteration 118: 10044 cells assigned across 324 voxels.
Iteration 119: 10044 cells assigned across 324 voxels.
Iteration 120: 10044 cells assigned across 324 voxels.
Iteration 121: 10044 cells assigned across 324 voxels.
Iteration 122: 10044 cells assigned across 324 voxels.
Iteration 123: 10044 cells assigned across 324 voxels.
Iteration 124: 10044 cells assigned across 324 voxels.
Iteration 125: 10044 cells assigned across 324 voxels.
Iteration 126: 10044 cells assigned across 324 voxels.
Iteration 127: 10044 cells assigned across 324 voxels.
Iteration 128: 10044 cells assigned across 324 voxels.
Iteration 129: 10044 cells assigned across 324 voxels.
Iteration 130: 10044 cells assigned across 324 voxels.
Iteration 131: 10044 cells assigned across 324 voxels.
Iteration 132: 10044 cells assigned across 324 voxels.
Iteration 133: 10044 cells assigned across 324 voxels.
Iteration 134: 10044 cells assigned across 324 voxels.
Iteration 135: 10044 cells assigned across 324 voxels.
Iteration 136: 10044 cells assigned across 324 voxels.
Iteration 137: 10044 cells assigned across 324 voxels.
Iteration 138: 10044 cells assigned across 324 voxels.
Iteration 139: 10044 cells assigned across 324 voxels.
Iteration 140: 10044 cells assigned across 324 voxels.
Iteration 141: 10044 cells assigned across 324 voxels.
Iteration 142: 10044 cells assigned across 324 voxels.
Iteration 143: 10044 cells assigned across 324 voxels.
Iteration 144: 10044 cells assigned across 324 voxels.
Iteration 145: 10044 cells assigned across 324 voxels.
Iteration 146: 10044 cells assigned across 324 voxels.
Iteration 147: 10044 cells assigned across 324 voxels.
Iteration 148: 10044 cells assigned across 324 voxels.
Iteration 149: 10044 cells assigned across 324 voxels.
Iteration 150: 10044 cells assigned across 324 voxels.
Iteration 151: 10044 cells assigned across 324 voxels.
Iteration 152: 10044 cells assigned across 324 voxels.
Iteration 153: 10044 cells assigned across 324 voxels.
Iteration 154: 10044 cells assigned across 324 voxels.
Iteration 155: 10044 cells assigned across 324 voxels.
Iteration 156: 10044 cells assigned across 324 voxels.
Iteration 157: 10044 cells assigned across 324 voxels.
Iteration 158: 10044 cells assigned across 324 voxels.
Iteration 159: 10044 cells assigned across 324 voxels.
Iteration 160: 10044 cells assigned across 324 voxels.
Iteration 161: 10044 cells assigned across 324 voxels.
Iteration 162: 10044 cells assigned across 324 voxels.
Iteration 163: 10044 cells assigned across 324 voxels.
Iteration 164: 10044 cells assigned across 324 voxels.
Iteration 165: 10044 cells assigned across 324 voxels.
Iteration 166: 10044 cells assigned across 324 voxels.
Iteration 167: 10044 cells assigned across 324 voxels.
Iteration 168: 10044 cells assigned across 324 voxels.
Iteration 169: 10044 cells assigned across 324 voxels.
Iteration 170: 10044 cells assigned across 324 voxels.
Iteration 171: 10044 cells assigned across 324 voxels.
Iteration 172: 10044 cells assigned across 324 voxels.
Iteration 173: 10044 cells assigned across 324 voxels.
Iteration 174: 10044 cells assigned across 324 voxels.
Iteration 175: 10044 cells assigned across 324 voxels.
Iteration 176: 10044 cells assigned across 324 voxels.
Iteration 177: 10044 cells assigned across 324 voxels.
Iteration 178: 10044 cells assigned across 324 voxels.
Iteration 179: 10044 cells assigned across 324 voxels.
Iteration 180: 10044 cells assigned across 324 voxels.
Iteration 181: 10044 cells assigned across 324 voxels.
Iteration 182: 10044 cells assigned across 324 voxels.
Iteration 183: 10044 cells assigned across 324 voxels.
Iteration 184: 10044 cells assigned across 324 voxels.
Iteration 185: 10044 cells assigned across 324 voxels.
Iteration 186: 10044 cells assigned across 324 voxels.
Iteration 187: 10044 cells assigned across 324 voxels.
Iteration 188: 10044 cells assigned across 324 voxels.
Iteration 189: 10044 cells assigned across 324 voxels.
Iteration 190: 10044 cells assigned across 324 voxels.
Iteration 191: 10044 cells assigned across 324 voxels.
Iteration 192: 10044 cells assigned across 324 voxels.
Iteration 193: 10044 cells assigned across 324 voxels.
Iteration 194: 10044 cells assigned across 324 voxels.
Iteration 195: 10044 cells assigned across 324 voxels.
Iteration 196: 10044 cells assigned across 324 voxels.
Iteration 197: 10044 cells assigned across 324 voxels.
Iteration 198: 10044 cells assigned across 324 voxels.
Iteration 199: 10044 cells assigned across 324 voxels.
Iteration 200: 10044 cells assigned across 324 voxels.
Iteration 201: 10044 cells assigned across 324 voxels.
Iteration 202: 10044 cells assigned across 324 voxels.
Iteration 203: 10044 cells assigned across 324 voxels.
Iteration 204: 10044 cells assigned across 324 voxels.
Iteration 205: 10044 cells assigned across 324 voxels.
Iteration 206: 10044 cells assigned across 324 voxels.
Iteration 207: 10044 cells assigned across 324 voxels.
Iteration 208: 10044 cells assigned across 324 voxels.
Iteration 209: 10044 cells assigned across 324 voxels.
Iteration 210: 10044 cells assigned across 324 voxels.
Iteration 211: 10044 cells assigned across 324 voxels.
Iteration 212: 10044 cells assigned across 324 voxels.
Iteration 213: 10044 cells assigned across 324 voxels.
Iteration 214: 10044 cells assigned across 324 voxels.
Iteration 215: 10044 cells assigned across 324 voxels.
Iteration 216: 10044 cells assigned across 324 voxels.
Iteration 217: 10044 cells assigned across 324 voxels.
Iteration 218: 10044 cells assigned across 324 voxels.
Iteration 219: 10044 cells assigned across 324 voxels.
Iteration 220: 10044 cells assigned across 324 voxels.
Iteration 221: 10044 cells assigned across 324 voxels.
Iteration 222: 10044 cells assigned across 324 voxels.
Iteration 223: 10044 cells assigned across 324 voxels.
Iteration 224: 10044 cells assigned across 324 voxels.
Iteration 225: 10044 cells assigned across 324 voxels.
Iteration 226: 10044 cells assigned across 324 voxels.
Iteration 227: 10044 cells assigned across 324 voxels.
Iteration 228: 10044 cells assigned across 324 voxels.
Iteration 229: 10044 cells assigned across 324 voxels.
Iteration 230: 10044 cells assigned across 324 voxels.
Iteration 231: 10044 cells assigned across 324 voxels.
Iteration 232: 10044 cells assigned across 324 voxels.
Iteration 233: 10044 cells assigned across 324 voxels.
Iteration 234: 10044 cells assigned across 324 voxels.
Iteration 235: 10044 cells assigned across 324 voxels.
Iteration 236: 10044 cells assigned across 324 voxels.
Iteration 237: 10044 cells assigned across 324 voxels.
Iteration 238: 10044 cells assigned across 324 voxels.
Iteration 239: 10044 cells assigned across 324 voxels.
Iteration 240: 10044 cells assigned across 324 voxels.
Iteration 241: 10044 cells assigned across 324 voxels.
Iteration 242: 10044 cells assigned across 324 voxels.
Iteration 243: 10044 cells assigned across 324 voxels.
Iteration 244: 10044 cells assigned across 324 voxels.
Iteration 245: 10044 cells assigned across 324 voxels.
Iteration 246: 10044 cells assigned across 324 voxels.
Iteration 247: 10044 cells assigned across 324 voxels.
Iteration 248: 10044 cells assigned across 324 voxels.
Iteration 249: 10044 cells assigned across 324 voxels.
Iteration 250: 10044 cells assigned across 324 voxels.
Iteration 251: 10044 cells assigned across 324 voxels.
Iteration 252: 10044 cells assigned across 324 voxels.
Iteration 253: 10044 cells assigned across 324 voxels.
Iteration 254: 10044 cells assigned across 324 voxels.
Iteration 255: 10044 cells assigned across 324 voxels.
Iteration 256: 10044 cells assigned across 324 voxels.
Iteration 257: 10044 cells assigned across 324 voxels.
Iteration 258: 10044 cells assigned across 324 voxels.
Iteration 259: 10044 cells assigned across 324 voxels.
Iteration 260: 10044 cells assigned across 324 voxels.
Iteration 261: 10044 cells assigned across 324 voxels.
Iteration 262: 10044 cells assigned across 324 voxels.
Iteration 263: 10044 cells assigned across 324 voxels.
Iteration 264: 10044 cells assigned across 324 voxels.
Iteration 265: 10044 cells assigned across 324 voxels.
Iteration 266: 10044 cells assigned across 324 voxels.
Iteration 267: 10044 cells assigned across 324 voxels.
Iteration 268: 10044 cells assigned across 324 voxels.
Iteration 269: 10044 cells assigned across 324 voxels.
Iteration 270: 10044 cells assigned across 324 voxels.
Iteration 271: 10044 cells assigned across 324 voxels.
Iteration 272: 10044 cells assigned across 324 voxels.
Iteration 273: 10044 cells assigned across 324 voxels.
Iteration 274: 10044 cells assigned across 324 voxels.
Iteration 275: 10044 cells assigned across 324 voxels.
Iteration 276: 10044 cells assigned across 324 voxels.
Iteration 277: 10044 cells assigned across 324 voxels.
Iteration 278: 10044 cells assigned across 324 voxels.
Iteration 279: 10044 cells assigned across 324 voxels.
Iteration 280: 10044 cells assigned across 324 voxels.
Iteration 281: 10044 cells assigned across 324 voxels.
Iteration 282: 10044 cells assigned across 324 voxels.
Iteration 283: 10044 cells assigned across 324 voxels.
Iteration 284: 10044 cells assigned across 324 voxels.
Iteration 285: 10044 cells assigned across 324 voxels.
Iteration 286: 10044 cells assigned across 324 voxels.
Iteration 287: 10044 cells assigned across 324 voxels.
Iteration 288: 10044 cells assigned across 324 voxels.
Iteration 289: 10044 cells assigned across 324 voxels.
Iteration 290: 10044 cells assigned across 324 voxels.
Iteration 291: 10044 cells assigned across 324 voxels.
Iteration 292: 10044 cells assigned across 324 voxels.
Iteration 293: 10044 cells assigned across 324 voxels.
Iteration 294: 10044 cells assigned across 324 voxels.
Iteration 295: 10044 cells assigned across 324 voxels.
Iteration 296: 10044 cells assigned across 324 voxels.
Iteration 297: 10044 cells assigned across 324 voxels.
Iteration 298: 10044 cells assigned across 324 voxels.
Iteration 299: 10044 cells assigned across 324 voxels.
Iteration 300: 10044 cells assigned across 324 voxels.
