nohup: ignoring input
WARNING: Default of the method has been changed to 't-test' from 't-test_overestim_var'
INFO:root:1280 training genes are saved in `uns``training_genes` of both single cell and spatial Anndatas.
INFO:root:14785 overlapped genes are saved in `uns``overlap_genes` of both single cell and spatial Anndatas.
INFO:root:uniform based density prior is calculated and saved in `obs``uniform_density` of the spatial Anndata.
INFO:root:rna count based density prior is calculated and saved in `obs``rna_count_based_density` of the spatial Anndata.
INFO:root:Allocate tensors for mapping.
INFO:root:Begin training with 1280 genes and rna_count_based density_prior in cells mode...
INFO:root:Printing scores every 100 epochs.
INFO:root:Saving results..
INFO:root:Allocate tensors for mapping.
INFO:root:Begin training with 1280 genes and rna_count_based density_prior in cells mode...
INFO:root:Printing scores every 100 epochs.
INFO:root:Saving results..
INFO:root:Allocate tensors for mapping.
INFO:root:Begin training with 1280 genes and rna_count_based density_prior in cells mode...
INFO:root:Printing scores every 100 epochs.
INFO:root:Saving results..
INFO:root:Allocate tensors for mapping.
INFO:root:Begin training with 1280 genes and rna_count_based density_prior in cells mode...
INFO:root:Printing scores every 100 epochs.
INFO:root:Saving results..
INFO:root:Allocate tensors for mapping.
INFO:root:Begin training with 1280 genes and rna_count_based density_prior in cells mode...
INFO:root:Printing scores every 100 epochs.
INFO:root:Saving results..
INFO:root:Allocate tensors for mapping.
INFO:root:Begin training with 1280 genes and rna_count_based density_prior in cells mode...
INFO:root:Printing scores every 100 epochs.
INFO:root:Saving results..
INFO:root:Allocate tensors for mapping.
INFO:root:Begin training with 1280 genes and rna_count_based density_prior in cells mode...
INFO:root:Printing scores every 100 epochs.
INFO:root:Saving results..
INFO:root:Allocate tensors for mapping.
INFO:root:Begin training with 1280 genes and rna_count_based density_prior in cells mode...
INFO:root:Printing scores every 100 epochs.
INFO:root:Saving results..
INFO:root:Allocate tensors for mapping.
INFO:root:Begin training with 1280 genes and rna_count_based density_prior in cells mode...
INFO:root:Printing scores every 100 epochs.
INFO:root:Saving results..
INFO:root:Allocate tensors for mapping.
INFO:root:Begin training with 1280 genes and rna_count_based density_prior in cells mode...
INFO:root:Printing scores every 100 epochs.
INFO:root:Saving results..
INFO:root:Allocate tensors for mapping.
INFO:root:Begin training with 1280 genes and rna_count_based density_prior in cells mode...
INFO:root:Printing scores every 100 epochs.
INFO:root:Saving results..
INFO:root:Allocate tensors for mapping.
INFO:root:Begin training with 1280 genes and rna_count_based density_prior in cells mode...
INFO:root:Printing scores every 100 epochs.
INFO:root:Saving results..
INFO:root:Allocate tensors for mapping.
INFO:root:Begin training with 1280 genes and rna_count_based density_prior in cells mode...
INFO:root:Printing scores every 100 epochs.
INFO:root:Saving results..
INFO:root:Allocate tensors for mapping.
INFO:root:Begin training with 1280 genes and rna_count_based density_prior in cells mode...
INFO:root:Printing scores every 100 epochs.
INFO:root:Saving results..
INFO:root:Allocate tensors for mapping.
INFO:root:Begin training with 1280 genes and rna_count_based density_prior in cells mode...
INFO:root:Printing scores every 100 epochs.
INFO:root:Saving results..
INFO:root:Allocate tensors for mapping.
INFO:root:Begin training with 1280 genes and rna_count_based density_prior in cells mode...
INFO:root:Printing scores every 100 epochs.
INFO:root:Saving results..
INFO:root:Allocate tensors for mapping.
INFO:root:Begin training with 1280 genes and rna_count_based density_prior in cells mode...
INFO:root:Printing scores every 100 epochs.
INFO:root:Saving results..
INFO:root:Allocate tensors for mapping.
INFO:root:Begin training with 1280 genes and rna_count_based density_prior in cells mode...
INFO:root:Printing scores every 100 epochs.
INFO:root:Saving results..
INFO:root:Allocate tensors for mapping.
INFO:root:Begin training with 1280 genes and rna_count_based density_prior in cells mode...
INFO:root:Printing scores every 100 epochs.
INFO:root:Saving results..
INFO:root:Allocate tensors for mapping.
INFO:root:Begin training with 1280 genes and rna_count_based density_prior in cells mode...
INFO:root:Printing scores every 100 epochs.
INFO:root:Saving results..
Score: 0.613, VG reg: 0.798, KL reg: 0.001
Score: 0.733, VG reg: 0.807, KL reg: 0.000
Score: 0.736, VG reg: 0.807, KL reg: 0.000
Score: 0.736, VG reg: 0.807, KL reg: 0.000
Score: 0.613, VG reg: 0.798, KL reg: 0.001
Score: 0.733, VG reg: 0.807, KL reg: 0.000
Score: 0.736, VG reg: 0.807, KL reg: 0.000
Score: 0.736, VG reg: 0.807, KL reg: 0.000
Score: 0.613, VG reg: 0.798, KL reg: 0.001
Score: 0.733, VG reg: 0.807, KL reg: 0.000
Score: 0.736, VG reg: 0.807, KL reg: 0.000
Score: 0.736, VG reg: 0.807, KL reg: 0.000
Score: 0.613, VG reg: 0.798, KL reg: 0.001
Score: 0.733, VG reg: 0.807, KL reg: 0.000
Score: 0.736, VG reg: 0.807, KL reg: 0.000
Score: 0.736, VG reg: 0.807, KL reg: 0.000
Score: 0.613, VG reg: 0.798, KL reg: 0.001
Score: 0.733, VG reg: 0.807, KL reg: 0.000
Score: 0.736, VG reg: 0.807, KL reg: 0.000
Score: 0.736, VG reg: 0.807, KL reg: 0.000
Score: 0.613, VG reg: 0.798, KL reg: 0.001
Score: 0.733, VG reg: 0.807, KL reg: 0.000
Score: 0.736, VG reg: 0.807, KL reg: 0.000
Score: 0.736, VG reg: 0.807, KL reg: 0.000
Score: 0.613, VG reg: 0.798, KL reg: 0.001
Score: 0.733, VG reg: 0.807, KL reg: 0.000
Score: 0.736, VG reg: 0.807, KL reg: 0.000
Score: 0.736, VG reg: 0.807, KL reg: 0.000
Score: 0.613, VG reg: 0.798, KL reg: 0.001
Score: 0.733, VG reg: 0.807, KL reg: 0.000
Score: 0.736, VG reg: 0.807, KL reg: 0.000
Score: 0.736, VG reg: 0.807, KL reg: 0.000
Score: 0.613, VG reg: 0.798, KL reg: 0.001
Score: 0.733, VG reg: 0.807, KL reg: 0.000
Score: 0.736, VG reg: 0.807, KL reg: 0.000
Score: 0.736, VG reg: 0.807, KL reg: 0.000
Score: 0.613, VG reg: 0.798, KL reg: 0.001
Score: 0.733, VG reg: 0.807, KL reg: 0.000
Score: 0.736, VG reg: 0.807, KL reg: 0.000
Score: 0.736, VG reg: 0.807, KL reg: 0.000
Score: 0.613, VG reg: 0.798, KL reg: 0.001
Score: 0.733, VG reg: 0.807, KL reg: 0.000
Score: 0.736, VG reg: 0.807, KL reg: 0.000
Score: 0.736, VG reg: 0.807, KL reg: 0.000
Score: 0.613, VG reg: 0.798, KL reg: 0.001
Score: 0.733, VG reg: 0.807, KL reg: 0.000
Score: 0.736, VG reg: 0.807, KL reg: 0.000
Score: 0.736, VG reg: 0.807, KL reg: 0.000
Score: 0.613, VG reg: 0.798, KL reg: 0.001
Score: 0.733, VG reg: 0.807, KL reg: 0.000
Score: 0.736, VG reg: 0.807, KL reg: 0.000
Score: 0.736, VG reg: 0.807, KL reg: 0.000
Score: 0.613, VG reg: 0.798, KL reg: 0.001
Score: 0.733, VG reg: 0.807, KL reg: 0.000
Score: 0.736, VG reg: 0.807, KL reg: 0.000
Score: 0.736, VG reg: 0.807, KL reg: 0.000
Score: 0.613, VG reg: 0.798, KL reg: 0.001
Score: 0.733, VG reg: 0.807, KL reg: 0.000
Score: 0.736, VG reg: 0.807, KL reg: 0.000
Score: 0.736, VG reg: 0.807, KL reg: 0.000
Score: 0.613, VG reg: 0.798, KL reg: 0.001
Score: 0.733, VG reg: 0.807, KL reg: 0.000
Score: 0.736, VG reg: 0.807, KL reg: 0.000
Score: 0.736, VG reg: 0.807, KL reg: 0.000
Score: 0.613, VG reg: 0.798, KL reg: 0.001
Score: 0.733, VG reg: 0.807, KL reg: 0.000
Score: 0.736, VG reg: 0.807, KL reg: 0.000
Score: 0.736, VG reg: 0.807, KL reg: 0.000
Score: 0.613, VG reg: 0.798, KL reg: 0.001
Score: 0.733, VG reg: 0.807, KL reg: 0.000
Score: 0.736, VG reg: 0.807, KL reg: 0.000
Score: 0.737, VG reg: 0.807, KL reg: 0.000
Score: 0.613, VG reg: 0.798, KL reg: 0.001
Score: 0.733, VG reg: 0.807, KL reg: 0.000
Score: 0.736, VG reg: 0.807, KL reg: 0.000
Score: 0.736, VG reg: 0.807, KL reg: 0.000
Score: 0.613, VG reg: 0.798, KL reg: 0.001
Score: 0.733, VG reg: 0.807, KL reg: 0.000
Score: 0.736, VG reg: 0.807, KL reg: 0.000
Score: 0.736, VG reg: 0.807, KL reg: 0.000
